<?xml version="1.0" encoding="UTF-8"?>
<!-- Generated by org.testng.reporters.JUnitXMLReporter -->
<testsuite hostname="ICPL12499" ignored="4" name="Test" tests="3" failures="0" timestamp="31 Jul 2019 04:59:35 GMT" time="51.942" errors="0">
  <testcase name="shouldThrowAnErrorIfSignInDetailsAreMissing" time="6.732" classname="com.cleartrip.tests.SignInTest"/>
  <testcase name="shouldBeAbleToSearchForHotels" time="25.386" classname="com.cleartrip.tests.HotelBookingTest"/>
  <testcase name="testThatResultsAppearForAOneWayJourney" time="14.877" classname="com.cleartrip.tests.FlightBookingTest"/>
  <testcase name="@BeforeTest initialize" time="0.0" classname="com.cleartrip.testbase.TestBase">
    <ignored/>
  </testcase> <!-- @BeforeTest initialize -->
  <testcase name="@BeforeTest initialize" time="0.0" classname="com.cleartrip.testbase.TestBase">
    <ignored/>
  </testcase> <!-- @BeforeTest initialize -->
  <testcase name="@AfterTest closeBrowser" time="0.0" classname="com.cleartrip.testbase.TestBase">
    <ignored/>
  </testcase> <!-- @AfterTest closeBrowser -->
  <testcase name="@AfterTest closeBrowser" time="0.0" classname="com.cleartrip.testbase.TestBase">
    <ignored/>
  </testcase> <!-- @AfterTest closeBrowser -->
</testsuite> <!-- Test -->
