<?xml version="1.0" encoding="UTF-8"?>
<testng-results skipped="0" failed="0" ignored="0" total="1" passed="1">
  <reporter-output>
  </reporter-output>
  <suite name="Default suite" duration-ms="22094" started-at="2019-07-31T05:56:56Z" finished-at="2019-07-31T05:57:18Z">
    <groups>
    </groups>
    <test name="Default test" duration-ms="22094" started-at="2019-07-31T05:56:56Z" finished-at="2019-07-31T05:57:18Z">
      <class name="com.cleartrip.tests.FlightBookingTest">
        <test-method status="PASS" signature="initialize()[pri:0, instance:com.cleartrip.tests.FlightBookingTest@42d80b78]" name="initialize" is-config="true" duration-ms="3607" started-at="2019-07-31T05:56:56Z" finished-at="2019-07-31T05:56:59Z">
          <reporter-output>
          </reporter-output>
        </test-method> <!-- initialize -->
        <test-method status="PASS" signature="testThatResultsAppearForAOneWayJourney()[pri:0, instance:com.cleartrip.tests.FlightBookingTest@42d80b78]" name="testThatResultsAppearForAOneWayJourney" duration-ms="17726" started-at="2019-07-31T05:56:59Z" description="Validate the results are valid for one way journey" finished-at="2019-07-31T05:57:17Z">
          <reporter-output>
          </reporter-output>
        </test-method> <!-- testThatResultsAppearForAOneWayJourney -->
        <test-method status="PASS" signature="closeBrowser()[pri:0, instance:com.cleartrip.tests.FlightBookingTest@42d80b78]" name="closeBrowser" is-config="true" duration-ms="725" started-at="2019-07-31T05:57:17Z" finished-at="2019-07-31T05:57:18Z">
          <reporter-output>
          </reporter-output>
        </test-method> <!-- closeBrowser -->
      </class> <!-- com.cleartrip.tests.FlightBookingTest -->
    </test> <!-- Default test -->
  </suite> <!-- Default suite -->
</testng-results>
